{"name": "test_cli_generate_copilot_command", "status": "failed", "statusDetails": {"message": "AssertionError: assert 1 == 0\n +  where 1 = CompletedProcess(args=['/Users/dannyevil/Documents/GitHub/danholman-portfolio/ai-test-generation/.venv/bin/python', '-m', 'ai_test_generation.cli', 'generate-copilot'], returncode=1, stdout='Generating GitHub Copilot guidance for: python, typescript, api, contract\\nOutput directory: .github/instructions\\n', stderr='Traceback (most recent call last):\\n  File \"<frozen runpy>\", line 198, in _run_module_as_main\\n  File \"<frozen runpy>\", line 88, in _run_code\\n  File \"/Users/dannyevil/Documents/GitHub/danholman-portfolio/ai-test-generation/src/ai_test_generation/cli.py\", line 326, in <module>\\n    main()\\n    ~~~~^^\\n  File \"/Users/dannyevil/Documents/GitHub/danholman-portfolio/ai-test-generation/.venv/lib/python3.13/site-packages/click/core.py\", line 1442, in __call__\\n    return self.main(*args, **kwargs)\\n           ~~~~~~~~~^^^^^^^^^^^^^^^^^\\n  File \"/Users/dannyevil/Documents/GitHub/danholman-portfolio/ai-test-generation/.venv/lib/python3.13/site-packages/click/core.py\", line 1363, in main\\n    rv = self.invoke(ctx)\\n  File \"/Users/dannyevil/Documents/GitHub/danholman-portfolio/ai-test-generation/.venv/lib/python3.13/site-packages/click/core.py\", line 1830, in invoke\\n    return _process_result(sub_ctx.command.invoke(sub_ctx))\\n                           ~~~~~~~~~~~~~~~~~~~~~~^^^^^^^^^\\n  File \"/Users/dannyevil/Documents/GitHub/danholman-portfolio/ai-test-generation/.venv/lib/python3.13/site-packages/click/core.py\", line 1226, in invoke\\n    return ctx.invoke(self.callback, **ctx.params)\\n           ~~~~~~~~~~^^^^^^^^^^^^^^^^^^^^^^^^^^^^^\\n  File \"/Users/dannyevil/Documents/GitHub/danholman-portfolio/ai-test-generation/.venv/lib/python3.13/site-packages/click/core.py\", line 794, in invoke\\n    return callback(*args, **kwargs)\\n  File \"/Users/dannyevil/Documents/GitHub/danholman-portfolio/ai-test-generation/src/ai_test_generation/cli.py\", line 87, in generate_copilot\\n    template = _create_api_rest_template()\\n               ^^^^^^^^^^^^^^^^^^^^^^^^^\\nNameError: name \\'_create_api_rest_template\\' is not defined. Did you mean: \\'_create_api_rest_rule_set\\'?\\n').returncode", "trace": "self = <integration.test_cli_integration.TestCLIIntegration object at 0x106d26520>\nmock_copilot_renderer = <MagicMock name='CopilotRenderer' id='4410447856'>\nmock_cursor_renderer = <MagicMock name='CursorRenderer' id='4410448192'>\n\n    @patch('ai_test_generation.cli.CursorRenderer')\n    @patch('ai_test_generation.cli.CopilotRenderer')\n    def test_cli_generate_copilot_command(self, mock_copilot_renderer, mock_cursor_renderer):\n        \"\"\"Test CLI generate copilot command.\"\"\"\n        # Mock the renderer\n        mock_renderer_instance = mock_copilot_renderer.return_value\n        mock_renderer_instance.render.return_value = \"# Test copilot guidance\"\n    \n        with tempfile.TemporaryDirectory() as temp_dir:\n            result = subprocess.run(\n                [sys.executable, \"-m\", \"ai_test_generation.cli\", \"generate-copilot\"],\n                cwd=temp_dir,\n                capture_output=True,\n                text=True\n            )\n    \n>           assert result.returncode == 0\nE           assert 1 == 0\nE            +  where 1 = CompletedProcess(args=['/Users/dannyevil/Documents/GitHub/danholman-portfolio/ai-test-generation/.venv/bin/python', '-m', 'ai_test_generation.cli', 'generate-copilot'], returncode=1, stdout='Generating GitHub Copilot guidance for: python, typescript, api, contract\\nOutput directory: .github/instructions\\n', stderr='Traceback (most recent call last):\\n  File \"<frozen runpy>\", line 198, in _run_module_as_main\\n  File \"<frozen runpy>\", line 88, in _run_code\\n  File \"/Users/dannyevil/Documents/GitHub/danholman-portfolio/ai-test-generation/src/ai_test_generation/cli.py\", line 326, in <module>\\n    main()\\n    ~~~~^^\\n  File \"/Users/dannyevil/Documents/GitHub/danholman-portfolio/ai-test-generation/.venv/lib/python3.13/site-packages/click/core.py\", line 1442, in __call__\\n    return self.main(*args, **kwargs)\\n           ~~~~~~~~~^^^^^^^^^^^^^^^^^\\n  File \"/Users/dannyevil/Documents/GitHub/danholman-portfolio/ai-test-generation/.venv/lib/python3.13/site-packages/click/core.py\", line 1363, in main\\n    rv = self.invoke(ctx)\\n  File \"/Users/dannyevil/Documents/GitHub/danholman-portfolio/ai-test-generation/.venv/lib/python3.13/site-packages/click/core.py\", line 1830, in invoke\\n    return _process_result(sub_ctx.command.invoke(sub_ctx))\\n                           ~~~~~~~~~~~~~~~~~~~~~~^^^^^^^^^\\n  File \"/Users/dannyevil/Documents/GitHub/danholman-portfolio/ai-test-generation/.venv/lib/python3.13/site-packages/click/core.py\", line 1226, in invoke\\n    return ctx.invoke(self.callback, **ctx.params)\\n           ~~~~~~~~~~^^^^^^^^^^^^^^^^^^^^^^^^^^^^^\\n  File \"/Users/dannyevil/Documents/GitHub/danholman-portfolio/ai-test-generation/.venv/lib/python3.13/site-packages/click/core.py\", line 794, in invoke\\n    return callback(*args, **kwargs)\\n  File \"/Users/dannyevil/Documents/GitHub/danholman-portfolio/ai-test-generation/src/ai_test_generation/cli.py\", line 87, in generate_copilot\\n    template = _create_api_rest_template()\\n               ^^^^^^^^^^^^^^^^^^^^^^^^^\\nNameError: name \\'_create_api_rest_template\\' is not defined. Did you mean: \\'_create_api_rest_rule_set\\'?\\n').returncode\n\ntests/integration/test_cli_integration.py:82: AssertionError"}, "description": "Test CLI generate copilot command.", "start": 1757433123856, "stop": 1757433123989, "uuid": "6cd7fead-ff25-48d4-91ab-423664e5a2a6", "historyId": "8d9c7307e249c178ac68ceb48afbb0a2", "testCaseId": "8d9c7307e249c178ac68ceb48afbb0a2", "fullName": "tests.integration.test_cli_integration.TestCLIIntegration#test_cli_generate_copilot_command", "labels": [{"name": "tag", "value": "integration"}, {"name": "parentSuite", "value": "tests.integration"}, {"name": "suite", "value": "test_cli_integration"}, {"name": "subSuite", "value": "TestCLIIntegration"}, {"name": "host", "value": "EvilBookPro.local"}, {"name": "thread", "value": "18714-MainThread"}, {"name": "framework", "value": "pytest"}, {"name": "language", "value": "cpython3"}, {"name": "package", "value": "tests.integration.test_cli_integration"}], "titlePath": ["tests", "integration", "test_cli_integration.py", "TestCLIIntegration"]}